[2025-12-23T19:05:12Z] Started EB User Data
+ SLEEP_TIME=2
+ SLEEP_TIME_MAX=3600
+ true
+ curl https://elasticbeanstalk-platform-assets-ap-southeast-1.s3.ap-southeast-1.amazonaws.com/stalks/eb_docker_amazon_linux_2_1.0.1329.0_20251211143445/lib/UserDataScript.sh
  % Total    % Received % Xferd  Average Speed   Time    Time     Time  Current
                                 Dload  Upload   Total   Spent    Left  Speed
  0     0    0     0    0     0      0      0 --:--:-- --:--:-- --:--:--     0100  4838  100  4838    0     0   106k      0 --:--:-- --:--:-- --:--:--  107k
+ RESULT=0
+ [[ 0 -ne 0 ]]
+ /bin/bash /tmp/ebbootstrap.sh 'https://cloudformation-waitcondition-ap-southeast-1.s3-ap-southeast-1.amazonaws.com/arn%3Aaws%3Acloudformation%3Aap-southeast-1%3A339712880903%3Astack/awseb-e-eng92ue5bq-stack/2a35f050-e032-11f0-b293-063e3b96313d/2a37c510-e032-11f0-b293-063e3b96313d/AWSEBInstanceLaunchWaitHandle?X-Amz-Algorithm=AWS4-HMAC-SHA256&X-Amz-Date=20251223T190413Z&X-Amz-SignedHeaders=host&X-Amz-Expires=86399&X-Amz-Credential=AKIAXKFFXMS337UUQZVD%2F20251223%2Fap-southeast-1%2Fs3%2Faws4_request&X-Amz-Signature=9dc2c357a57012048d6eee78d3d33239946ae74a06162892e83ffcdc70f749ec' arn:aws:cloudformation:ap-southeast-1:339712880903:stack/awseb-e-eng92ue5bq-stack/2a35f050-e032-11f0-b293-063e3b96313d ef3b2ec3-3d26-470d-9d1c-ea08fe104386 https://elasticbeanstalk-health.ap-southeast-1.amazonaws.com '' https://elasticbeanstalk-platform-assets-ap-southeast-1.s3.ap-southeast-1.amazonaws.com/stalks/eb_docker_amazon_linux_2_1.0.1329.0_20251211143445 ap-southeast-1
[2025-12-23T19:05:12.990Z] Started EB Bootstrapping Script.
[2025-12-23T19:05:12.996Z] Received parameters:
 TARBALLS = 
 EB_GEMS = 
 SIGNAL_URL = https://cloudformation-waitcondition-ap-southeast-1.s3-ap-southeast-1.amazonaws.com/arn%3Aaws%3Acloudformation%3Aap-southeast-1%3A339712880903%3Astack/awseb-e-eng92ue5bq-stack/2a35f050-e032-11f0-b293-063e3b96313d/2a37c510-e032-11f0-b293-063e3b96313d/AWSEBInstanceLaunchWaitHandle?X-Amz-Algorithm=AWS4-HMAC-SHA256&X-Amz-Date=20251223T190413Z&X-Amz-SignedHeaders=host&X-Amz-Expires=86399&X-Amz-Credential=AKIAXKFFXMS337UUQZVD%2F20251223%2Fap-southeast-1%2Fs3%2Faws4_request&X-Amz-Signature=9dc2c357a57012048d6eee78d3d33239946ae74a06162892e83ffcdc70f749ec
 STACK_ID = arn:aws:cloudformation:ap-southeast-1:339712880903:stack/awseb-e-eng92ue5bq-stack/2a35f050-e032-11f0-b293-063e3b96313d
 REGION = ap-southeast-1
 GUID = 
 HEALTHD_GROUP_ID = ef3b2ec3-3d26-470d-9d1c-ea08fe104386
 HEALTHD_ENDPOINT = https://elasticbeanstalk-health.ap-southeast-1.amazonaws.com
 PROXY_SERVER = 
 HEALTHD_PROXY_LOG_LOCATION = 
 PLATFORM_ASSETS_URL = https://elasticbeanstalk-platform-assets-ap-southeast-1.s3.ap-southeast-1.amazonaws.com/stalks/eb_docker_amazon_linux_2_1.0.1329.0_20251211143445
[2025-12-23T19:05:13.001Z] engine url is set to https://elasticbeanstalk-platform-assets-ap-southeast-1.s3.ap-southeast-1.amazonaws.com/stalks/eb_docker_amazon_linux_2_1.0.1329.0_20251211143445/lib/platform-engine.zip
[2025-12-23T19:05:13.003Z] first init of instance.
[2025-12-23T19:05:13.005Z] Started executing cfn_init _OnInstanceBoot.
[2025-12-23T19:05:13.007Z] Running cfn-init ConfigSet: _OnInstanceBoot.
[2025-12-23T19:05:13.010Z] Using stack-id from userdata
[2025-12-23T19:05:14.024Z] Command Returned: 
[2025-12-23T19:05:14.026Z] Completed executing cfn_init.
[2025-12-23T19:05:14.029Z] finished _OnInstanceBoot
[2025-12-23T19:05:14.032Z] installing platform engine
2025-12-23 19:05:14 URL:https://elasticbeanstalk-platform-assets-ap-southeast-1.s3.ap-southeast-1.amazonaws.com/stalks/eb_docker_amazon_linux_2_1.0.1329.0_20251211143445/lib/platform-engine.zip [47314646/47314646] -> "/tmp/platform-engine.zip" [1]
[2025-12-23T19:05:15.342Z] executing platform engine. see /var/log/eb-engine.log.
[2025-12-23T19:05:20.684Z] Successfully bootstrapped instance.
[2025-12-23T19:05:20.689Z] Sending signal 0 to CFN wait condition https://cloudformation-waitcondition-ap-southeast-1.s3-ap-southeast-1.amazonaws.com/arn%3Aaws%3Acloudformation%3Aap-southeast-1%3A339712880903%3Astack/awseb-e-eng92ue5bq-stack/2a35f050-e032-11f0-b293-063e3b96313d/2a37c510-e032-11f0-b293-063e3b96313d/AWSEBInstanceLaunchWaitHandle?X-Amz-Algorithm=AWS4-HMAC-SHA256&X-Amz-Date=20251223T190413Z&X-Amz-SignedHeaders=host&X-Amz-Expires=86399&X-Amz-Credential=AKIAXKFFXMS337UUQZVD%2F20251223%2Fap-southeast-1%2Fs3%2Faws4_request&X-Amz-Signature=9dc2c357a57012048d6eee78d3d33239946ae74a06162892e83ffcdc70f749ec
CloudFormation signaled successfully with status SUCCESS
[2025-12-23T19:05:21.000Z] Tailing /var/log/eb-engine.log

******************* eb-engine taillog *******************
2025/12/23 19:05:17.999097 [INFO] cfn-hup is not registered with EB yet, registering it now
2025/12/23 19:05:17.999124 [INFO] Running command: systemctl show -p PartOf cfn-hup.service
2025/12/23 19:05:18.006708 [INFO] Running command: systemctl daemon-reload
2025/12/23 19:05:18.056555 [INFO] Running command: systemctl reset-failed
2025/12/23 19:05:18.063617 [INFO] Running command: systemctl is-enabled aws-eb.target
2025/12/23 19:05:18.071979 [INFO] Running command: systemctl enable aws-eb.target
2025/12/23 19:05:18.240649 [INFO] Running command: systemctl start aws-eb.target
2025/12/23 19:05:18.244807 [INFO] Running command: systemctl enable cfn-hup.service
2025/12/23 19:05:18.314284 [INFO] Created symlink from /etc/systemd/system/multi-user.target.wants/cfn-hup.service to /etc/systemd/system/cfn-hup.service.

2025/12/23 19:05:18.314319 [INFO] Running command: systemctl is-active cfn-hup.service
2025/12/23 19:05:18.318396 [INFO] cfn-hup process is not running, starting it now
2025/12/23 19:05:18.318418 [INFO] Running command: systemctl show -p PartOf cfn-hup.service
2025/12/23 19:05:18.323459 [INFO] Running command: systemctl is-active cfn-hup.service
2025/12/23 19:05:18.327098 [INFO] Running command: systemctl start cfn-hup.service
2025/12/23 19:05:18.364410 [INFO] Instance has NOT been bootstrapped
2025/12/23 19:05:18.364425 [INFO] Executing instruction: SetupPublishLogCronjob
2025/12/23 19:05:18.364428 [INFO] Setup publish logs cron job...
2025/12/23 19:05:18.364432 [INFO] Copying file /opt/elasticbeanstalk/config/private/logtasks/cron/publishlogs to /etc/cron.d/publishlogs
2025/12/23 19:05:18.366669 [INFO] Executing instruction: Start Docker
2025/12/23 19:05:18.366681 [INFO] Starting Docker...
2025/12/23 19:05:18.366732 [INFO] Copying file /opt/elasticbeanstalk/config/private/docker-log.conf to /etc/systemd/system/docker.service.d/docker-log.conf
2025/12/23 19:05:18.368827 [INFO] Copying file /opt/elasticbeanstalk/config/private/docker-rsyslog.conf to /etc/rsyslog.d/docker-log.conf
2025/12/23 19:05:18.371005 [INFO] Running command: systemctl restart rsyslog.service
2025/12/23 19:05:18.398890 [INFO] Running command: systemctl show -p PartOf docker.service
2025/12/23 19:05:18.412108 [INFO] Running command: systemctl daemon-reload
2025/12/23 19:05:18.509850 [INFO] Running command: systemctl reset-failed
2025/12/23 19:05:18.515336 [INFO] Running command: systemctl show -p PartOf docker.service
2025/12/23 19:05:18.523807 [INFO] Running command: systemctl restart docker.service
2025/12/23 19:05:20.478174 [INFO] Instance has NOT been bootstrapped
2025/12/23 19:05:20.478186 [INFO] Executing instruction: Setup Docker Options
2025/12/23 19:05:20.478188 [INFO] Setting up configurations for docker platform
2025/12/23 19:05:20.488460 [INFO] Running command: systemctl show -p PartOf eb-docker-events.service
2025/12/23 19:05:20.495762 [INFO] Running command: systemctl daemon-reload
2025/12/23 19:05:20.572249 [INFO] Running command: systemctl reset-failed
2025/12/23 19:05:20.576629 [INFO] Running command: systemctl enable eb-docker-events.service
2025/12/23 19:05:20.639061 [INFO] Created symlink from /etc/systemd/system/docker.service.wants/eb-docker-events.service to /etc/systemd/system/eb-docker-events.service.

2025/12/23 19:05:20.639105 [INFO] Running command: systemctl show -p PartOf eb-docker-events.service
2025/12/23 19:05:20.644526 [INFO] Running command: systemctl is-active eb-docker-events.service
2025/12/23 19:05:20.648487 [INFO] Running command: systemctl start eb-docker-events.service
2025/12/23 19:05:20.682733 [INFO] Instance has NOT been bootstrapped
2025/12/23 19:05:20.682748 [INFO] Executing instruction: MarkBootstrapped
2025/12/23 19:05:20.682753 [INFO] Starting MarkBootstrapped
2025/12/23 19:05:20.682759 [INFO] Instance has NOT been bootstrapped
2025/12/23 19:05:20.682845 [INFO] Marked instance as Bootstrapped
2025/12/23 19:05:20.682850 [INFO] Executing instruction: Save CFN Stack Info
2025/12/23 19:05:20.683055 [INFO] Executing cleanup logic
2025/12/23 19:05:20.683069 [INFO] Platform Engine finished execution on command: env-launch
******************* End of taillog *******************


[2025-12-23T19:05:21.008Z] Tailing /var/log/eb-tools.log

******************* eb-tools taillog *******************
***eb-tools is not available yet.***
******************* End of taillog *******************


[2025-12-23T19:05:21.010Z] Tailing /var/log/eb-hooks.log

******************* eb-hooks taillog *******************
***eb-hooks is not available yet.***
******************* End of taillog *******************


[2025-12-23T19:05:21.012Z] Tailing /var/log/cfn-init.log

******************* cfn-init taillog *******************
2025-12-23 19:05:13,729 [INFO] -----------------------Starting build-----------------------
2025-12-23 19:05:13,735 [INFO] Running configSets: _OnInstanceBoot
2025-12-23 19:05:13,738 [INFO] Running configSet _OnInstanceBoot
2025-12-23 19:05:13,741 [INFO] Running config AWSEBBaseConfig
2025-12-23 19:05:13,983 [INFO] Command clearbackupfiles succeeded
2025-12-23 19:05:13,987 [INFO] Running config AWSEBCfnHupEndpointOverride
2025-12-23 19:05:13,991 [INFO] Command clearbackupfiles succeeded
2025-12-23 19:05:13,992 [INFO] ConfigSets completed
2025-12-23 19:05:13,992 [INFO] -----------------------Build complete-----------------------
******************* End of taillog *******************


[2025-12-23T19:05:21.014Z] Tailing /var/log/cfn-hup.log

******************* cfn-hup taillog *******************
2025-12-23 19:05:18,645 [DEBUG] CloudFormation client initialized with endpoint https://cloudformation.ap-southeast-1.amazonaws.com
2025-12-23 19:05:18,646 [DEBUG] SQS client initialized with endpoint https://sqs.ap-southeast-1.amazonaws.com
2025-12-23 19:05:18,646 [DEBUG] CloudFormation client initialized with endpoint https://cloudformation.ap-southeast-1.amazonaws.com
2025-12-23 19:05:18,646 [DEBUG] Enabled single threading mode.
2025-12-23 19:05:18,646 [DEBUG] Creating /var/lib/cfn-hup/data
2025-12-23 19:05:18,658 [INFO] No umask value specified in config file. Using the default one: 0o22
2025-12-23 19:05:18,793 [INFO] Pid: 2532
2025-12-23 19:05:19,083 [INFO] Refreshing listener credentials
2025-12-23 19:05:19,170 [INFO] Scheduling next credential refresh in 1799.0 seconds
******************* End of taillog *******************


[2025-12-23T19:05:21.017Z] Completed EB Bootstrapping Script.
+ RESULT=0
+ [[ 0 -ne 0 ]]
+ exit 0
