2025/12/23 19:05:15.347811 [INFO] Starting...
2025/12/23 19:05:15.347862 [INFO] Starting EBPlatform-PlatformEngine
2025/12/23 19:05:15.347928 [INFO] reading event message file
2025/12/23 19:05:15.348335 [INFO] Engine received EB command userdata-exec

2025/12/23 19:05:15.354833 [INFO] Running command: /opt/aws/bin/cfn-get-metadata -s arn:aws:cloudformation:ap-southeast-1:339712880903:stack/awseb-e-eng92ue5bq-stack/2a35f050-e032-11f0-b293-063e3b96313d -r AWSEBAutoScalingGroup --region ap-southeast-1
2025/12/23 19:05:16.697734 [INFO] Running command: /opt/aws/bin/cfn-get-metadata -s arn:aws:cloudformation:ap-southeast-1:339712880903:stack/awseb-e-eng92ue5bq-stack/2a35f050-e032-11f0-b293-063e3b96313d -r AWSEBBeanstalkMetadata --region ap-southeast-1
2025/12/23 19:05:17.057191 [INFO] This is a workflow controlled instance.
2025/12/23 19:05:17.057281 [INFO] Engine command: (env-launch)

2025/12/23 19:05:17.058290 [INFO] Executing instruction: SyncClock
2025/12/23 19:05:17.058296 [INFO] Starting SyncClock
2025/12/23 19:05:17.058307 [INFO] Running command: /usr/bin/chronyc tracking
2025/12/23 19:05:17.068833 [INFO] Reference ID    : A9FEA97B (169.254.169.123)
Stratum         : 4
Ref time (UTC)  : Tue Dec 23 19:05:16 2025
System time     : 0.834915340 seconds slow of NTP time
Last offset     : -0.923019946 seconds
RMS offset      : 0.923019946 seconds
Frequency       : 9.167 ppm slow
Residual freq   : +8.038 ppm
Skew            : 0.137 ppm
Root delay      : 0.000366241 seconds
Root dispersion : 0.000252446 seconds
Update interval : 0.0 seconds
Leap status     : Normal

2025/12/23 19:05:17.068859 [INFO] Running command: /usr/bin/chronyc -a makestep
2025/12/23 19:05:17.906028 [INFO] 200 OK

2025/12/23 19:05:17.906065 [INFO] Skipping Configure OS
2025/12/23 19:05:17.906069 [INFO] Skipping LockRepo
2025/12/23 19:05:17.906073 [INFO] Skipping GenerateEBBanner
2025/12/23 19:05:17.906077 [INFO] Skipping Install Process Manager
2025/12/23 19:05:17.906081 [INFO] Skipping install syslog
2025/12/23 19:05:17.906084 [INFO] Skipping install cron
2025/12/23 19:05:17.906088 [INFO] Skipping install proxy
2025/12/23 19:05:17.906091 [INFO] Skipping installhealthd
2025/12/23 19:05:17.906095 [INFO] Skipping Install Log Streaming Manager
2025/12/23 19:05:17.906098 [INFO] Skipping install X-Ray
2025/12/23 19:05:17.906102 [INFO] Skipping install Third Party License
2025/12/23 19:05:17.906107 [INFO] Instance has NOT been bootstrapped
2025/12/23 19:05:17.906110 [INFO] Executing instruction: installSqsd
2025/12/23 19:05:17.906112 [INFO] This is a web server environment instance, skip install sqsd daemon ...
2025/12/23 19:05:17.906116 [INFO] Instance has NOT been bootstrapped
2025/12/23 19:05:17.906118 [INFO] Executing instruction: bootstraphealthd
2025/12/23 19:05:17.906120 [INFO] this is an enhanced health env ...
2025/12/23 19:05:17.906130 [INFO] bootstrap healthd....
2025/12/23 19:05:17.906144 [INFO] Running command: /usr/bin/id -u healthd || /usr/sbin/useradd --user-group healthd -s /sbin/nologin --create-home
2025/12/23 19:05:17.958468 [INFO] /usr/bin/id: healthd: no such user

2025/12/23 19:05:17.958672 [INFO] none proxy, skip creating proxy dir for healthd
2025/12/23 19:05:17.958689 [INFO] bootstrap healthd....
2025/12/23 19:05:17.958700 [INFO] Running command: /usr/bin/id -u healthd || /usr/sbin/useradd --user-group healthd -s /sbin/nologin --create-home
2025/12/23 19:05:17.961594 [INFO] 1001

2025/12/23 19:05:17.961860 [INFO] configure bundle log for healthd...
2025/12/23 19:05:17.961921 [INFO] Skipping Install yum packages
2025/12/23 19:05:17.961926 [INFO] Skipping install docker plugins
2025/12/23 19:05:17.961930 [INFO] Skipping Configure Docker Daemon
2025/12/23 19:05:17.961934 [INFO] Skipping MarkBaked
2025/12/23 19:05:17.961939 [INFO] Instance has NOT been bootstrapped
2025/12/23 19:05:17.961946 [INFO] Executing instruction: TuneSystemSettings
2025/12/23 19:05:17.961949 [INFO] Starting TuneSystemSettings
2025/12/23 19:05:17.961954 [INFO] Instance has NOT been bootstrapped
2025/12/23 19:05:17.963123 [INFO] Executing instruction: GetSetupLogRotate
2025/12/23 19:05:17.963131 [INFO] Initialize LogRotate files and directories
2025/12/23 19:05:17.984159 [INFO] Instance has NOT been bootstrapped
2025/12/23 19:05:17.984172 [INFO] Executing instruction: BootstrapCFNHup
2025/12/23 19:05:17.984175 [INFO] Bootstrap cfn-hup
2025/12/23 19:05:17.986357 [INFO] Copying file /opt/elasticbeanstalk/config/private/aws-eb-command-handler.conf to /etc/cfn/hooks.d/aws-eb-command-handler.conf
2025/12/23 19:05:17.988557 [INFO] Executing instruction: StartCFNHup
2025/12/23 19:05:17.988569 [INFO] Start cfn-hup
2025/12/23 19:05:17.988584 [INFO] Running command: systemctl show -p PartOf cfn-hup.service
2025/12/23 19:05:17.999097 [INFO] cfn-hup is not registered with EB yet, registering it now
2025/12/23 19:05:17.999124 [INFO] Running command: systemctl show -p PartOf cfn-hup.service
2025/12/23 19:05:18.006708 [INFO] Running command: systemctl daemon-reload
2025/12/23 19:05:18.056555 [INFO] Running command: systemctl reset-failed
2025/12/23 19:05:18.063617 [INFO] Running command: systemctl is-enabled aws-eb.target
2025/12/23 19:05:18.071979 [INFO] Running command: systemctl enable aws-eb.target
2025/12/23 19:05:18.240649 [INFO] Running command: systemctl start aws-eb.target
2025/12/23 19:05:18.244807 [INFO] Running command: systemctl enable cfn-hup.service
2025/12/23 19:05:18.314284 [INFO] Created symlink from /etc/systemd/system/multi-user.target.wants/cfn-hup.service to /etc/systemd/system/cfn-hup.service.

2025/12/23 19:05:18.314319 [INFO] Running command: systemctl is-active cfn-hup.service
2025/12/23 19:05:18.318396 [INFO] cfn-hup process is not running, starting it now
2025/12/23 19:05:18.318418 [INFO] Running command: systemctl show -p PartOf cfn-hup.service
2025/12/23 19:05:18.323459 [INFO] Running command: systemctl is-active cfn-hup.service
2025/12/23 19:05:18.327098 [INFO] Running command: systemctl start cfn-hup.service
2025/12/23 19:05:18.364410 [INFO] Instance has NOT been bootstrapped
2025/12/23 19:05:18.364425 [INFO] Executing instruction: SetupPublishLogCronjob
2025/12/23 19:05:18.364428 [INFO] Setup publish logs cron job...
2025/12/23 19:05:18.364432 [INFO] Copying file /opt/elasticbeanstalk/config/private/logtasks/cron/publishlogs to /etc/cron.d/publishlogs
2025/12/23 19:05:18.366669 [INFO] Executing instruction: Start Docker
2025/12/23 19:05:18.366681 [INFO] Starting Docker...
2025/12/23 19:05:18.366732 [INFO] Copying file /opt/elasticbeanstalk/config/private/docker-log.conf to /etc/systemd/system/docker.service.d/docker-log.conf
2025/12/23 19:05:18.368827 [INFO] Copying file /opt/elasticbeanstalk/config/private/docker-rsyslog.conf to /etc/rsyslog.d/docker-log.conf
2025/12/23 19:05:18.371005 [INFO] Running command: systemctl restart rsyslog.service
2025/12/23 19:05:18.398890 [INFO] Running command: systemctl show -p PartOf docker.service
2025/12/23 19:05:18.412108 [INFO] Running command: systemctl daemon-reload
2025/12/23 19:05:18.509850 [INFO] Running command: systemctl reset-failed
2025/12/23 19:05:18.515336 [INFO] Running command: systemctl show -p PartOf docker.service
2025/12/23 19:05:18.523807 [INFO] Running command: systemctl restart docker.service
2025/12/23 19:05:20.478174 [INFO] Instance has NOT been bootstrapped
2025/12/23 19:05:20.478186 [INFO] Executing instruction: Setup Docker Options
2025/12/23 19:05:20.478188 [INFO] Setting up configurations for docker platform
2025/12/23 19:05:20.488460 [INFO] Running command: systemctl show -p PartOf eb-docker-events.service
2025/12/23 19:05:20.495762 [INFO] Running command: systemctl daemon-reload
2025/12/23 19:05:20.572249 [INFO] Running command: systemctl reset-failed
2025/12/23 19:05:20.576629 [INFO] Running command: systemctl enable eb-docker-events.service
2025/12/23 19:05:20.639061 [INFO] Created symlink from /etc/systemd/system/docker.service.wants/eb-docker-events.service to /etc/systemd/system/eb-docker-events.service.

2025/12/23 19:05:20.639105 [INFO] Running command: systemctl show -p PartOf eb-docker-events.service
2025/12/23 19:05:20.644526 [INFO] Running command: systemctl is-active eb-docker-events.service
2025/12/23 19:05:20.648487 [INFO] Running command: systemctl start eb-docker-events.service
2025/12/23 19:05:20.682733 [INFO] Instance has NOT been bootstrapped
2025/12/23 19:05:20.682748 [INFO] Executing instruction: MarkBootstrapped
2025/12/23 19:05:20.682753 [INFO] Starting MarkBootstrapped
2025/12/23 19:05:20.682759 [INFO] Instance has NOT been bootstrapped
2025/12/23 19:05:20.682845 [INFO] Marked instance as Bootstrapped
2025/12/23 19:05:20.682850 [INFO] Executing instruction: Save CFN Stack Info
2025/12/23 19:05:20.683055 [INFO] Executing cleanup logic
2025/12/23 19:05:20.683069 [INFO] Platform Engine finished execution on command: env-launch

2025/12/23 19:05:35.304232 [INFO] Starting...
2025/12/23 19:05:35.304273 [INFO] Starting EBPlatform-PlatformEngine
2025/12/23 19:05:35.304298 [INFO] reading event message file
2025/12/23 19:05:35.304637 [INFO] Engine received EB command cfn-hup-exec

2025/12/23 19:05:35.365944 [INFO] Running command: /opt/aws/bin/cfn-get-metadata -s arn:aws:cloudformation:ap-southeast-1:339712880903:stack/awseb-e-eng92ue5bq-stack/2a35f050-e032-11f0-b293-063e3b96313d -r AWSEBAutoScalingGroup --region ap-southeast-1
2025/12/23 19:05:35.672629 [INFO] Running command: /opt/aws/bin/cfn-get-metadata -s arn:aws:cloudformation:ap-southeast-1:339712880903:stack/awseb-e-eng92ue5bq-stack/2a35f050-e032-11f0-b293-063e3b96313d -r AWSEBBeanstalkMetadata --region ap-southeast-1
2025/12/23 19:05:35.962902 [INFO] checking whether command app-deploy is applicable to this instance...
2025/12/23 19:05:35.962923 [INFO] this command is applicable to the instance, thus instance should execute command
2025/12/23 19:05:35.962926 [INFO] Engine command: (app-deploy)

2025/12/23 19:05:35.962930 [INFO] Downloading EB Application...
2025/12/23 19:05:35.962932 [INFO] Region: ap-southeast-1
2025/12/23 19:05:35.962934 [INFO] envID: e-eng92ue5bq
2025/12/23 19:05:35.962937 [INFO] envBucket: elasticbeanstalk-ap-southeast-1-339712880903
2025/12/23 19:05:35.962940 [INFO] accountID: 339712880903
2025/12/23 19:05:35.962943 [INFO] Using manifest file name from command request
2025/12/23 19:05:35.962950 [INFO] Unable to get version manifest file.
2025/12/23 19:05:35.962952 [INFO] Downloading latest manifest available.
2025/12/23 19:05:35.962956 [INFO] Download latest app version manifest
2025/12/23 19:05:35.963093 [INFO] resources/environments/e-eng92ue5bq/_runtime/versions/manifest
2025/12/23 19:05:36.000681 [INFO] latestManifest key *: resources/environments/e-eng92ue5bq/_runtime/versions/manifest_1766516650536

2025/12/23 19:05:36.000905 [INFO] Downloading: bucket: elasticbeanstalk-ap-southeast-1-339712880903, object: resources/environments/e-eng92ue5bq/_runtime/versions/manifest_1766516650536, expected bucket owner: 339712880903
2025/12/23 19:05:36.038425 [INFO] Download successful151bytes downloaded
2025/12/23 19:05:36.038519 [INFO] Trying to read and parse version manifest...
2025/12/23 19:05:36.038591 [INFO] Downloading: bucket: elasticbeanstalk-ap-southeast-1-339712880903, object: resources/environments/e-eng92ue5bq/_runtime/_versions/stt-tool/app-dc83-251224_003354439220, expected bucket owner: 339712880903
2025/12/23 19:05:36.082720 [INFO] Download successful116502bytes downloaded
2025/12/23 19:05:36.083232 [INFO] Executing instruction: ElectLeader
2025/12/23 19:05:36.083241 [INFO] Running leader election for instance i-028087a9dd34ef7d5...
2025/12/23 19:05:36.083245 [INFO] Calling the cfn-elect-cmd-leader to elect the command leader.
2025/12/23 19:05:36.083257 [INFO] Running command: /opt/aws/bin/cfn-elect-cmd-leader --stack arn:aws:cloudformation:ap-southeast-1:339712880903:stack/awseb-e-eng92ue5bq-stack/2a35f050-e032-11f0-b293-063e3b96313d --command-name ElasticBeanstalkCommand-AWSEBAutoScalingGroup --invocation-id 9f305af0-e41d-4fe3-9360-dac344afa48f --listener-id i-028087a9dd34ef7d5 --region ap-southeast-1
2025/12/23 19:05:36.411365 [INFO] Instance is Leader.
2025/12/23 19:05:36.411406 [INFO] Executing instruction: stopSqsd
2025/12/23 19:05:36.411411 [INFO] This is a web server environment instance, skip stop sqsd daemon ...
2025/12/23 19:05:36.411423 [INFO] Executing instruction: PreBuildEbExtension
2025/12/23 19:05:36.411427 [INFO] Starting executing the config set Infra-EmbeddedPreBuild.
2025/12/23 19:05:36.411437 [INFO] Running command: /opt/aws/bin/cfn-init -s arn:aws:cloudformation:ap-southeast-1:339712880903:stack/awseb-e-eng92ue5bq-stack/2a35f050-e032-11f0-b293-063e3b96313d -r AWSEBAutoScalingGroup --region ap-southeast-1 --configsets Infra-EmbeddedPreBuild
2025/12/23 19:05:36.728430 [INFO] Finished executing the config set Infra-EmbeddedPreBuild.

2025/12/23 19:05:36.728452 [INFO] Executing instruction: StagedockerApplication
2025/12/23 19:05:36.728465 [INFO] Running command: docker ps -a -q -f status=running
2025/12/23 19:05:36.743058 [INFO] Pruning containers ...
2025/12/23 19:05:36.743081 [INFO] Running command: docker ps -a
2025/12/23 19:05:36.756839 [INFO] CONTAINER ID   IMAGE     COMMAND   CREATED   STATUS    PORTS     NAMES

2025/12/23 19:05:36.756864 [INFO] Running command: docker container prune -f
2025/12/23 19:05:36.771018 [INFO] Total reclaimed space: 0B

2025/12/23 19:05:36.771042 [INFO] Running command: docker ps -a
2025/12/23 19:05:36.785165 [INFO] CONTAINER ID   IMAGE     COMMAND   CREATED   STATUS    PORTS     NAMES

2025/12/23 19:05:36.785184 [INFO] Recreating /var/app/staging/
2025/12/23 19:05:36.785258 [INFO] Recreating /var/log/eb-docker/containers/eb-current-app
2025/12/23 19:05:36.785343 [INFO] Running command: /bin/file -m /opt/elasticbeanstalk/config/private/beanstalk-magic -b --mime-type /opt/elasticbeanstalk/deployment/app_source_bundle
2025/12/23 19:05:36.790729 [INFO] application/zip

2025/12/23 19:05:36.790747 [INFO] app source bundle is zip file ...
2025/12/23 19:05:36.790752 [INFO] extracting /opt/elasticbeanstalk/deployment/app_source_bundle to /var/app/staging/
2025/12/23 19:05:36.790762 [INFO] Running command: /usr/bin/unzip -q -o /opt/elasticbeanstalk/deployment/app_source_bundle -d /var/app/staging/
2025/12/23 19:05:36.800412 [INFO] finished extracting /opt/elasticbeanstalk/deployment/app_source_bundle to /var/app/staging/ successfully
2025/12/23 19:05:36.800428 [INFO] Executing instruction: RunAppDeployPreBuildHooks
2025/12/23 19:05:36.800478 [INFO] Executing platform hooks in .platform/hooks/prebuild/
2025/12/23 19:05:36.800496 [INFO] The dir .platform/hooks/prebuild/ does not exist
2025/12/23 19:05:36.800498 [INFO] Finished running scripts in /var/app/staging/.platform/hooks/prebuild
2025/12/23 19:05:36.800503 [INFO] Executing instruction: Generate environment file
2025/12/23 19:05:36.800542 [INFO] Executing instruction: Docker Specific Build Application
2025/12/23 19:05:36.800545 [INFO] start build docker app
2025/12/23 19:05:36.800554 [INFO] fetching image names from Dockerfile /var/app/staging/Dockerfile
2025/12/23 19:05:36.800620 [INFO] found images [node:${NODE_VERSION}-slim] in Dockerfile /var/app/staging/Dockerfile
2025/12/23 19:05:36.800624 [INFO] pull docker image if update is not false in Dockerrun.aws.json
2025/12/23 19:05:36.800635 [INFO] Running command: docker pull node:${NODE_VERSION}-slim
2025/12/23 19:05:36.812444 [INFO] invalid reference format

2025/12/23 19:05:36.812468 [WARN] failed to execute command: docker pull node:${NODE_VERSION}-slim, retrying...
2025/12/23 19:05:36.812478 [INFO] Running command: docker pull node:${NODE_VERSION}-slim
2025/12/23 19:05:36.824311 [INFO] invalid reference format

2025/12/23 19:05:36.824338 [ERROR] An error occurred during execution of command [app-deploy] - [Docker Specific Build Application]. Stop running the command. Error: failed to pull docker image: Command docker pull node:${NODE_VERSION}-slim failed with error exit status 1. Stderr:invalid reference format
 

2025/12/23 19:05:36.824342 [INFO] Executing cleanup logic
2025/12/23 19:05:36.824415 [INFO] CommandService Response: {"status":"FAILURE","api_version":"1.0","results":[{"status":"FAILURE","msg":"Engine execution has encountered an error.","returncode":1,"events":[{"msg":"Instance deployment failed to download the Docker image. The deployment failed.","timestamp":1766516736824,"severity":"ERROR"},{"msg":"Instance deployment failed. For details, see 'eb-engine.log'.","timestamp":1766516736824,"severity":"ERROR"}]}]}

2025/12/23 19:05:36.824552 [INFO] Platform Engine finished execution on command: app-deploy

2025/12/23 19:08:01.013572 [INFO] Starting...
2025/12/23 19:08:01.013629 [INFO] Starting EBPlatform-PlatformEngine
2025/12/23 19:08:01.013660 [INFO] reading event message file
2025/12/23 19:08:01.014017 [INFO] Engine received EB command cfn-hup-exec

2025/12/23 19:08:01.085824 [INFO] Running command: /opt/aws/bin/cfn-get-metadata -s arn:aws:cloudformation:ap-southeast-1:339712880903:stack/awseb-e-eng92ue5bq-stack/2a35f050-e032-11f0-b293-063e3b96313d -r AWSEBAutoScalingGroup --region ap-southeast-1
2025/12/23 19:08:01.475202 [INFO] Running command: /opt/aws/bin/cfn-get-metadata -s arn:aws:cloudformation:ap-southeast-1:339712880903:stack/awseb-e-eng92ue5bq-stack/2a35f050-e032-11f0-b293-063e3b96313d -r AWSEBBeanstalkMetadata --region ap-southeast-1
2025/12/23 19:08:01.948041 [INFO] checking whether command bundle-log is applicable to this instance...
2025/12/23 19:08:01.948058 [INFO] this command is applicable to the instance, thus instance should execute command
2025/12/23 19:08:01.948062 [INFO] Engine command: (bundle-log)

2025/12/23 19:08:01.948128 [INFO] Executing instruction: GetBundleLogs
2025/12/23 19:08:01.948132 [INFO] Bundle Logs...
