2025-12-24 12:09:13,870 [DEBUG] CloudFormation client initialized with endpoint https://cloudformation.ap-southeast-1.amazonaws.com
2025-12-24 12:09:13,870 [DEBUG] SQS client initialized with endpoint https://sqs.ap-southeast-1.amazonaws.com
2025-12-24 12:09:13,870 [DEBUG] CloudFormation client initialized with endpoint https://cloudformation.ap-southeast-1.amazonaws.com
2025-12-24 12:09:13,870 [DEBUG] Enabled single threading mode.
2025-12-24 12:09:13,870 [DEBUG] Creating /var/lib/cfn-hup/data
2025-12-24 12:09:13,882 [INFO] No umask value specified in config file. Using the default one: 0o22
2025-12-24 12:09:14,017 [INFO] Pid: 2528
2025-12-24 12:09:14,465 [INFO] Refreshing listener credentials
2025-12-24 12:09:14,555 [INFO] Scheduling next credential refresh in 1799.0 seconds
2025-12-24 12:10:14,558 [WARNING] Timeout of 60 seconds breached
2025-12-24 12:10:14,559 [ERROR] Client-side timeout
Traceback (most recent call last):
  File "/usr/lib/python3.7/site-packages/cfnbootstrap/util.py", line 191, in _retry
    return f(*args, **kwargs)
  File "/usr/lib/python3.7/site-packages/cfnbootstrap/util.py", line 265, in _timeout
    "Execution did not succeed after %s seconds" % duration)
cfnbootstrap.util.TimeoutError
2025-12-24 12:10:15,327 [INFO] Received command ElasticBeanstalkCommand-AWSEBAutoScalingGroup (invocation id: dad97126-4854-4a49-9175-f35c4f4a1747)
2025-12-24 12:10:15,327 [INFO] Running action for aws-eb-command-handler
2025-12-24 12:10:17,075 [INFO] Action for aws-eb-command-handler succeeded, returning SUCCESS
2025-12-24 12:11:29,687 [INFO] Received command ElasticBeanstalkCommand-AWSEBAutoScalingGroup (invocation id: 5bec47c8-d7f7-41cf-8d4c-28b56c03bdb8)
2025-12-24 12:11:29,688 [INFO] Running action for aws-eb-command-handler
