[2025-12-24T12:09:10Z] Started EB User Data
+ SLEEP_TIME=2
+ SLEEP_TIME_MAX=3600
+ true
+ curl https://elasticbeanstalk-platform-assets-ap-southeast-1.s3.ap-southeast-1.amazonaws.com/stalks/eb_docker_amazon_linux_2_1.0.1329.0_20251211143445/lib/UserDataScript.sh
  % Total    % Received % Xferd  Average Speed   Time    Time     Time  Current
                                 Dload  Upload   Total   Spent    Left  Speed
  0     0    0     0    0     0      0      0 --:--:-- --:--:-- --:--:--     0100  4838  100  4838    0     0   118k      0 --:--:-- --:--:-- --:--:--  121k
+ RESULT=0
+ [[ 0 -ne 0 ]]
+ /bin/bash /tmp/ebbootstrap.sh 'https://cloudformation-waitcondition-ap-southeast-1.s3-ap-southeast-1.amazonaws.com/arn%3Aaws%3Acloudformation%3Aap-southeast-1%3A339712880903%3Astack/awseb-e-ihb3pt2wy6-stack/4061da30-e0c1-11f0-8242-0a4b079746ab/4063d600-e0c1-11f0-8242-0a4b079746ab/AWSEBInstanceLaunchWaitHandle?X-Amz-Algorithm=AWS4-HMAC-SHA256&X-Amz-Date=20251224T120828Z&X-Amz-SignedHeaders=host&X-Amz-Expires=86399&X-Amz-Credential=AKIAXKFFXMS337UUQZVD%2F20251224%2Fap-southeast-1%2Fs3%2Faws4_request&X-Amz-Signature=a0e4ef85c93ce71a8236032ae69296526d7d76158de41b26e8bf97cfc250632f' arn:aws:cloudformation:ap-southeast-1:339712880903:stack/awseb-e-ihb3pt2wy6-stack/4061da30-e0c1-11f0-8242-0a4b079746ab 160b4bd5-70e9-4c84-a6d3-508c463d9545 https://elasticbeanstalk-health.ap-southeast-1.amazonaws.com '' https://elasticbeanstalk-platform-assets-ap-southeast-1.s3.ap-southeast-1.amazonaws.com/stalks/eb_docker_amazon_linux_2_1.0.1329.0_20251211143445 ap-southeast-1
[2025-12-24T12:09:10.131Z] Started EB Bootstrapping Script.
[2025-12-24T12:09:10.140Z] Received parameters:
 TARBALLS = 
 EB_GEMS = 
 SIGNAL_URL = https://cloudformation-waitcondition-ap-southeast-1.s3-ap-southeast-1.amazonaws.com/arn%3Aaws%3Acloudformation%3Aap-southeast-1%3A339712880903%3Astack/awseb-e-ihb3pt2wy6-stack/4061da30-e0c1-11f0-8242-0a4b079746ab/4063d600-e0c1-11f0-8242-0a4b079746ab/AWSEBInstanceLaunchWaitHandle?X-Amz-Algorithm=AWS4-HMAC-SHA256&X-Amz-Date=20251224T120828Z&X-Amz-SignedHeaders=host&X-Amz-Expires=86399&X-Amz-Credential=AKIAXKFFXMS337UUQZVD%2F20251224%2Fap-southeast-1%2Fs3%2Faws4_request&X-Amz-Signature=a0e4ef85c93ce71a8236032ae69296526d7d76158de41b26e8bf97cfc250632f
 STACK_ID = arn:aws:cloudformation:ap-southeast-1:339712880903:stack/awseb-e-ihb3pt2wy6-stack/4061da30-e0c1-11f0-8242-0a4b079746ab
 REGION = ap-southeast-1
 GUID = 
 HEALTHD_GROUP_ID = 160b4bd5-70e9-4c84-a6d3-508c463d9545
 HEALTHD_ENDPOINT = https://elasticbeanstalk-health.ap-southeast-1.amazonaws.com
 PROXY_SERVER = 
 HEALTHD_PROXY_LOG_LOCATION = 
 PLATFORM_ASSETS_URL = https://elasticbeanstalk-platform-assets-ap-southeast-1.s3.ap-southeast-1.amazonaws.com/stalks/eb_docker_amazon_linux_2_1.0.1329.0_20251211143445
[2025-12-24T12:09:10.148Z] engine url is set to https://elasticbeanstalk-platform-assets-ap-southeast-1.s3.ap-southeast-1.amazonaws.com/stalks/eb_docker_amazon_linux_2_1.0.1329.0_20251211143445/lib/platform-engine.zip
[2025-12-24T12:09:10.151Z] first init of instance.
[2025-12-24T12:09:10.154Z] Started executing cfn_init _OnInstanceBoot.
[2025-12-24T12:09:10.156Z] Running cfn-init ConfigSet: _OnInstanceBoot.
[2025-12-24T12:09:10.159Z] Using stack-id from userdata
[2025-12-24T12:09:11.144Z] Command Returned: 
[2025-12-24T12:09:11.146Z] Completed executing cfn_init.
[2025-12-24T12:09:11.148Z] finished _OnInstanceBoot
[2025-12-24T12:09:11.151Z] installing platform engine
2025-12-24 12:09:11 URL:https://elasticbeanstalk-platform-assets-ap-southeast-1.s3.ap-southeast-1.amazonaws.com/stalks/eb_docker_amazon_linux_2_1.0.1329.0_20251211143445/lib/platform-engine.zip [47314646/47314646] -> "/tmp/platform-engine.zip" [1]
[2025-12-24T12:09:12.485Z] executing platform engine. see /var/log/eb-engine.log.
[2025-12-24T12:09:15.582Z] Successfully bootstrapped instance.
[2025-12-24T12:09:15.587Z] Sending signal 0 to CFN wait condition https://cloudformation-waitcondition-ap-southeast-1.s3-ap-southeast-1.amazonaws.com/arn%3Aaws%3Acloudformation%3Aap-southeast-1%3A339712880903%3Astack/awseb-e-ihb3pt2wy6-stack/4061da30-e0c1-11f0-8242-0a4b079746ab/4063d600-e0c1-11f0-8242-0a4b079746ab/AWSEBInstanceLaunchWaitHandle?X-Amz-Algorithm=AWS4-HMAC-SHA256&X-Amz-Date=20251224T120828Z&X-Amz-SignedHeaders=host&X-Amz-Expires=86399&X-Amz-Credential=AKIAXKFFXMS337UUQZVD%2F20251224%2Fap-southeast-1%2Fs3%2Faws4_request&X-Amz-Signature=a0e4ef85c93ce71a8236032ae69296526d7d76158de41b26e8bf97cfc250632f
CloudFormation signaled successfully with status SUCCESS
[2025-12-24T12:09:15.884Z] Tailing /var/log/eb-engine.log

******************* eb-engine taillog *******************
2025/12/24 12:09:13.332284 [INFO] cfn-hup is not registered with EB yet, registering it now
2025/12/24 12:09:13.332314 [INFO] Running command: systemctl show -p PartOf cfn-hup.service
2025/12/24 12:09:13.339950 [INFO] Running command: systemctl daemon-reload
2025/12/24 12:09:13.403923 [INFO] Running command: systemctl reset-failed
2025/12/24 12:09:13.408154 [INFO] Running command: systemctl is-enabled aws-eb.target
2025/12/24 12:09:13.412004 [INFO] Running command: systemctl enable aws-eb.target
2025/12/24 12:09:13.465157 [INFO] Running command: systemctl start aws-eb.target
2025/12/24 12:09:13.469313 [INFO] Running command: systemctl enable cfn-hup.service
2025/12/24 12:09:13.534667 [INFO] Created symlink from /etc/systemd/system/multi-user.target.wants/cfn-hup.service to /etc/systemd/system/cfn-hup.service.

2025/12/24 12:09:13.534703 [INFO] Running command: systemctl is-active cfn-hup.service
2025/12/24 12:09:13.539380 [INFO] cfn-hup process is not running, starting it now
2025/12/24 12:09:13.539400 [INFO] Running command: systemctl show -p PartOf cfn-hup.service
2025/12/24 12:09:13.543753 [INFO] Running command: systemctl is-active cfn-hup.service
2025/12/24 12:09:13.547232 [INFO] Running command: systemctl start cfn-hup.service
2025/12/24 12:09:13.584728 [INFO] Instance has NOT been bootstrapped
2025/12/24 12:09:13.584745 [INFO] Executing instruction: SetupPublishLogCronjob
2025/12/24 12:09:13.584751 [INFO] Setup publish logs cron job...
2025/12/24 12:09:13.584755 [INFO] Copying file /opt/elasticbeanstalk/config/private/logtasks/cron/publishlogs to /etc/cron.d/publishlogs
2025/12/24 12:09:13.586957 [INFO] Executing instruction: Start Docker
2025/12/24 12:09:13.586969 [INFO] Starting Docker...
2025/12/24 12:09:13.587022 [INFO] Copying file /opt/elasticbeanstalk/config/private/docker-log.conf to /etc/systemd/system/docker.service.d/docker-log.conf
2025/12/24 12:09:13.589215 [INFO] Copying file /opt/elasticbeanstalk/config/private/docker-rsyslog.conf to /etc/rsyslog.d/docker-log.conf
2025/12/24 12:09:13.591314 [INFO] Running command: systemctl restart rsyslog.service
2025/12/24 12:09:13.613473 [INFO] Running command: systemctl show -p PartOf docker.service
2025/12/24 12:09:13.629252 [INFO] Running command: systemctl daemon-reload
2025/12/24 12:09:13.702388 [INFO] Running command: systemctl reset-failed
2025/12/24 12:09:13.709379 [INFO] Running command: systemctl show -p PartOf docker.service
2025/12/24 12:09:13.717844 [INFO] Running command: systemctl restart docker.service
2025/12/24 12:09:15.362673 [INFO] Instance has NOT been bootstrapped
2025/12/24 12:09:15.362685 [INFO] Executing instruction: Setup Docker Options
2025/12/24 12:09:15.362687 [INFO] Setting up configurations for docker platform
2025/12/24 12:09:15.373874 [INFO] Running command: systemctl show -p PartOf eb-docker-events.service
2025/12/24 12:09:15.381680 [INFO] Running command: systemctl daemon-reload
2025/12/24 12:09:15.458713 [INFO] Running command: systemctl reset-failed
2025/12/24 12:09:15.463455 [INFO] Running command: systemctl enable eb-docker-events.service
2025/12/24 12:09:15.533904 [INFO] Created symlink from /etc/systemd/system/docker.service.wants/eb-docker-events.service to /etc/systemd/system/eb-docker-events.service.

2025/12/24 12:09:15.533939 [INFO] Running command: systemctl show -p PartOf eb-docker-events.service
2025/12/24 12:09:15.541045 [INFO] Running command: systemctl is-active eb-docker-events.service
2025/12/24 12:09:15.544906 [INFO] Running command: systemctl start eb-docker-events.service
2025/12/24 12:09:15.580155 [INFO] Instance has NOT been bootstrapped
2025/12/24 12:09:15.580179 [INFO] Executing instruction: MarkBootstrapped
2025/12/24 12:09:15.580183 [INFO] Starting MarkBootstrapped
2025/12/24 12:09:15.580188 [INFO] Instance has NOT been bootstrapped
2025/12/24 12:09:15.580259 [INFO] Marked instance as Bootstrapped
2025/12/24 12:09:15.580264 [INFO] Executing instruction: Save CFN Stack Info
2025/12/24 12:09:15.580307 [INFO] Executing cleanup logic
2025/12/24 12:09:15.580317 [INFO] Platform Engine finished execution on command: env-launch
******************* End of taillog *******************


[2025-12-24T12:09:15.893Z] Tailing /var/log/eb-tools.log

******************* eb-tools taillog *******************
***eb-tools is not available yet.***
******************* End of taillog *******************


[2025-12-24T12:09:15.895Z] Tailing /var/log/eb-hooks.log

******************* eb-hooks taillog *******************
***eb-hooks is not available yet.***
******************* End of taillog *******************


[2025-12-24T12:09:15.897Z] Tailing /var/log/cfn-init.log

******************* cfn-init taillog *******************
2025-12-24 12:09:10,840 [INFO] -----------------------Starting build-----------------------
2025-12-24 12:09:10,847 [INFO] Running configSets: _OnInstanceBoot
2025-12-24 12:09:10,850 [INFO] Running configSet _OnInstanceBoot
2025-12-24 12:09:10,852 [INFO] Running config AWSEBBaseConfig
2025-12-24 12:09:11,100 [INFO] Command clearbackupfiles succeeded
2025-12-24 12:09:11,104 [INFO] Running config AWSEBCfnHupEndpointOverride
2025-12-24 12:09:11,108 [INFO] Command clearbackupfiles succeeded
2025-12-24 12:09:11,110 [INFO] ConfigSets completed
2025-12-24 12:09:11,110 [INFO] -----------------------Build complete-----------------------
******************* End of taillog *******************


[2025-12-24T12:09:15.900Z] Tailing /var/log/cfn-hup.log

******************* cfn-hup taillog *******************
2025-12-24 12:09:13,870 [DEBUG] CloudFormation client initialized with endpoint https://cloudformation.ap-southeast-1.amazonaws.com
2025-12-24 12:09:13,870 [DEBUG] SQS client initialized with endpoint https://sqs.ap-southeast-1.amazonaws.com
2025-12-24 12:09:13,870 [DEBUG] CloudFormation client initialized with endpoint https://cloudformation.ap-southeast-1.amazonaws.com
2025-12-24 12:09:13,870 [DEBUG] Enabled single threading mode.
2025-12-24 12:09:13,870 [DEBUG] Creating /var/lib/cfn-hup/data
2025-12-24 12:09:13,882 [INFO] No umask value specified in config file. Using the default one: 0o22
2025-12-24 12:09:14,017 [INFO] Pid: 2528
2025-12-24 12:09:14,465 [INFO] Refreshing listener credentials
2025-12-24 12:09:14,555 [INFO] Scheduling next credential refresh in 1799.0 seconds
******************* End of taillog *******************


[2025-12-24T12:09:15.904Z] Completed EB Bootstrapping Script.
+ RESULT=0
+ [[ 0 -ne 0 ]]
+ exit 0
