2025/12/24 12:09:12.491770 [INFO] Starting...
2025/12/24 12:09:12.491803 [INFO] Starting EBPlatform-PlatformEngine
2025/12/24 12:09:12.491862 [INFO] reading event message file
2025/12/24 12:09:12.492171 [INFO] Engine received EB command userdata-exec

2025/12/24 12:09:12.499478 [INFO] Running command: /opt/aws/bin/cfn-get-metadata -s arn:aws:cloudformation:ap-southeast-1:339712880903:stack/awseb-e-ihb3pt2wy6-stack/4061da30-e0c1-11f0-8242-0a4b079746ab -r AWSEBAutoScalingGroup --region ap-southeast-1
2025/12/24 12:09:12.840379 [INFO] Running command: /opt/aws/bin/cfn-get-metadata -s arn:aws:cloudformation:ap-southeast-1:339712880903:stack/awseb-e-ihb3pt2wy6-stack/4061da30-e0c1-11f0-8242-0a4b079746ab -r AWSEBBeanstalkMetadata --region ap-southeast-1
2025/12/24 12:09:13.193040 [INFO] This is a workflow controlled instance.
2025/12/24 12:09:13.193127 [INFO] Engine command: (env-launch)

2025/12/24 12:09:13.194141 [INFO] Executing instruction: SyncClock
2025/12/24 12:09:13.194148 [INFO] Starting SyncClock
2025/12/24 12:09:13.194158 [INFO] Running command: /usr/bin/chronyc tracking
2025/12/24 12:09:13.207225 [INFO] Reference ID    : A9FEA97B (169.254.169.123)
Stratum         : 4
Ref time (UTC)  : Wed Dec 24 12:09:12 2025
System time     : 0.022827409 seconds slow of NTP time
Last offset     : -0.033360742 seconds
RMS offset      : 0.033360742 seconds
Frequency       : 9.167 ppm slow
Residual freq   : +0.058 ppm
Skew            : 0.138 ppm
Root delay      : 0.000416225 seconds
Root dispersion : 0.000234095 seconds
Update interval : 0.0 seconds
Leap status     : Normal

2025/12/24 12:09:13.207254 [INFO] Running command: /usr/bin/chronyc -a makestep
2025/12/24 12:09:13.236290 [INFO] 200 OK

2025/12/24 12:09:13.236337 [INFO] Skipping Configure OS
2025/12/24 12:09:13.236344 [INFO] Skipping LockRepo
2025/12/24 12:09:13.236350 [INFO] Skipping GenerateEBBanner
2025/12/24 12:09:13.236355 [INFO] Skipping Install Process Manager
2025/12/24 12:09:13.236358 [INFO] Skipping install syslog
2025/12/24 12:09:13.236362 [INFO] Skipping install cron
2025/12/24 12:09:13.236366 [INFO] Skipping install proxy
2025/12/24 12:09:13.236369 [INFO] Skipping installhealthd
2025/12/24 12:09:13.236373 [INFO] Skipping Install Log Streaming Manager
2025/12/24 12:09:13.236376 [INFO] Skipping install X-Ray
2025/12/24 12:09:13.236380 [INFO] Skipping install Third Party License
2025/12/24 12:09:13.236386 [INFO] Instance has NOT been bootstrapped
2025/12/24 12:09:13.236388 [INFO] Executing instruction: installSqsd
2025/12/24 12:09:13.236391 [INFO] This is a web server environment instance, skip install sqsd daemon ...
2025/12/24 12:09:13.236396 [INFO] Instance has NOT been bootstrapped
2025/12/24 12:09:13.236398 [INFO] Executing instruction: bootstraphealthd
2025/12/24 12:09:13.236401 [INFO] this is an enhanced health env ...
2025/12/24 12:09:13.236417 [INFO] bootstrap healthd....
2025/12/24 12:09:13.236432 [INFO] Running command: /usr/bin/id -u healthd || /usr/sbin/useradd --user-group healthd -s /sbin/nologin --create-home
2025/12/24 12:09:13.290243 [INFO] /usr/bin/id: healthd: no such user

2025/12/24 12:09:13.290480 [INFO] none proxy, skip creating proxy dir for healthd
2025/12/24 12:09:13.290494 [INFO] bootstrap healthd....
2025/12/24 12:09:13.290506 [INFO] Running command: /usr/bin/id -u healthd || /usr/sbin/useradd --user-group healthd -s /sbin/nologin --create-home
2025/12/24 12:09:13.293653 [INFO] 1001

2025/12/24 12:09:13.293867 [INFO] configure bundle log for healthd...
2025/12/24 12:09:13.293919 [INFO] Skipping Install yum packages
2025/12/24 12:09:13.293923 [INFO] Skipping install docker plugins
2025/12/24 12:09:13.293930 [INFO] Skipping Configure Docker Daemon
2025/12/24 12:09:13.293934 [INFO] Skipping MarkBaked
2025/12/24 12:09:13.293939 [INFO] Instance has NOT been bootstrapped
2025/12/24 12:09:13.293942 [INFO] Executing instruction: TuneSystemSettings
2025/12/24 12:09:13.293944 [INFO] Starting TuneSystemSettings
2025/12/24 12:09:13.293948 [INFO] Instance has NOT been bootstrapped
2025/12/24 12:09:13.296181 [INFO] Executing instruction: GetSetupLogRotate
2025/12/24 12:09:13.296194 [INFO] Initialize LogRotate files and directories
2025/12/24 12:09:13.315529 [INFO] Instance has NOT been bootstrapped
2025/12/24 12:09:13.315543 [INFO] Executing instruction: BootstrapCFNHup
2025/12/24 12:09:13.315546 [INFO] Bootstrap cfn-hup
2025/12/24 12:09:13.317738 [INFO] Copying file /opt/elasticbeanstalk/config/private/aws-eb-command-handler.conf to /etc/cfn/hooks.d/aws-eb-command-handler.conf
2025/12/24 12:09:13.320133 [INFO] Executing instruction: StartCFNHup
2025/12/24 12:09:13.320144 [INFO] Start cfn-hup
2025/12/24 12:09:13.320159 [INFO] Running command: systemctl show -p PartOf cfn-hup.service
2025/12/24 12:09:13.332284 [INFO] cfn-hup is not registered with EB yet, registering it now
2025/12/24 12:09:13.332314 [INFO] Running command: systemctl show -p PartOf cfn-hup.service
2025/12/24 12:09:13.339950 [INFO] Running command: systemctl daemon-reload
2025/12/24 12:09:13.403923 [INFO] Running command: systemctl reset-failed
2025/12/24 12:09:13.408154 [INFO] Running command: systemctl is-enabled aws-eb.target
2025/12/24 12:09:13.412004 [INFO] Running command: systemctl enable aws-eb.target
2025/12/24 12:09:13.465157 [INFO] Running command: systemctl start aws-eb.target
2025/12/24 12:09:13.469313 [INFO] Running command: systemctl enable cfn-hup.service
2025/12/24 12:09:13.534667 [INFO] Created symlink from /etc/systemd/system/multi-user.target.wants/cfn-hup.service to /etc/systemd/system/cfn-hup.service.

2025/12/24 12:09:13.534703 [INFO] Running command: systemctl is-active cfn-hup.service
2025/12/24 12:09:13.539380 [INFO] cfn-hup process is not running, starting it now
2025/12/24 12:09:13.539400 [INFO] Running command: systemctl show -p PartOf cfn-hup.service
2025/12/24 12:09:13.543753 [INFO] Running command: systemctl is-active cfn-hup.service
2025/12/24 12:09:13.547232 [INFO] Running command: systemctl start cfn-hup.service
2025/12/24 12:09:13.584728 [INFO] Instance has NOT been bootstrapped
2025/12/24 12:09:13.584745 [INFO] Executing instruction: SetupPublishLogCronjob
2025/12/24 12:09:13.584751 [INFO] Setup publish logs cron job...
2025/12/24 12:09:13.584755 [INFO] Copying file /opt/elasticbeanstalk/config/private/logtasks/cron/publishlogs to /etc/cron.d/publishlogs
2025/12/24 12:09:13.586957 [INFO] Executing instruction: Start Docker
2025/12/24 12:09:13.586969 [INFO] Starting Docker...
2025/12/24 12:09:13.587022 [INFO] Copying file /opt/elasticbeanstalk/config/private/docker-log.conf to /etc/systemd/system/docker.service.d/docker-log.conf
2025/12/24 12:09:13.589215 [INFO] Copying file /opt/elasticbeanstalk/config/private/docker-rsyslog.conf to /etc/rsyslog.d/docker-log.conf
2025/12/24 12:09:13.591314 [INFO] Running command: systemctl restart rsyslog.service
2025/12/24 12:09:13.613473 [INFO] Running command: systemctl show -p PartOf docker.service
2025/12/24 12:09:13.629252 [INFO] Running command: systemctl daemon-reload
2025/12/24 12:09:13.702388 [INFO] Running command: systemctl reset-failed
2025/12/24 12:09:13.709379 [INFO] Running command: systemctl show -p PartOf docker.service
2025/12/24 12:09:13.717844 [INFO] Running command: systemctl restart docker.service
2025/12/24 12:09:15.362673 [INFO] Instance has NOT been bootstrapped
2025/12/24 12:09:15.362685 [INFO] Executing instruction: Setup Docker Options
2025/12/24 12:09:15.362687 [INFO] Setting up configurations for docker platform
2025/12/24 12:09:15.373874 [INFO] Running command: systemctl show -p PartOf eb-docker-events.service
2025/12/24 12:09:15.381680 [INFO] Running command: systemctl daemon-reload
2025/12/24 12:09:15.458713 [INFO] Running command: systemctl reset-failed
2025/12/24 12:09:15.463455 [INFO] Running command: systemctl enable eb-docker-events.service
2025/12/24 12:09:15.533904 [INFO] Created symlink from /etc/systemd/system/docker.service.wants/eb-docker-events.service to /etc/systemd/system/eb-docker-events.service.

2025/12/24 12:09:15.533939 [INFO] Running command: systemctl show -p PartOf eb-docker-events.service
2025/12/24 12:09:15.541045 [INFO] Running command: systemctl is-active eb-docker-events.service
2025/12/24 12:09:15.544906 [INFO] Running command: systemctl start eb-docker-events.service
2025/12/24 12:09:15.580155 [INFO] Instance has NOT been bootstrapped
2025/12/24 12:09:15.580179 [INFO] Executing instruction: MarkBootstrapped
2025/12/24 12:09:15.580183 [INFO] Starting MarkBootstrapped
2025/12/24 12:09:15.580188 [INFO] Instance has NOT been bootstrapped
2025/12/24 12:09:15.580259 [INFO] Marked instance as Bootstrapped
2025/12/24 12:09:15.580264 [INFO] Executing instruction: Save CFN Stack Info
2025/12/24 12:09:15.580307 [INFO] Executing cleanup logic
2025/12/24 12:09:15.580317 [INFO] Platform Engine finished execution on command: env-launch

2025/12/24 12:10:15.336180 [INFO] Starting...
2025/12/24 12:10:15.336224 [INFO] Starting EBPlatform-PlatformEngine
2025/12/24 12:10:15.336251 [INFO] reading event message file
2025/12/24 12:10:15.336594 [INFO] Engine received EB command cfn-hup-exec

2025/12/24 12:10:15.448636 [INFO] Running command: /opt/aws/bin/cfn-get-metadata -s arn:aws:cloudformation:ap-southeast-1:339712880903:stack/awseb-e-ihb3pt2wy6-stack/4061da30-e0c1-11f0-8242-0a4b079746ab -r AWSEBAutoScalingGroup --region ap-southeast-1
2025/12/24 12:10:15.781100 [INFO] Running command: /opt/aws/bin/cfn-get-metadata -s arn:aws:cloudformation:ap-southeast-1:339712880903:stack/awseb-e-ihb3pt2wy6-stack/4061da30-e0c1-11f0-8242-0a4b079746ab -r AWSEBBeanstalkMetadata --region ap-southeast-1
2025/12/24 12:10:16.111027 [INFO] checking whether command app-deploy is applicable to this instance...
2025/12/24 12:10:16.111042 [INFO] this command is applicable to the instance, thus instance should execute command
2025/12/24 12:10:16.111045 [INFO] Engine command: (app-deploy)

2025/12/24 12:10:16.111050 [INFO] Downloading EB Application...
2025/12/24 12:10:16.111053 [INFO] Region: ap-southeast-1
2025/12/24 12:10:16.111056 [INFO] envID: e-ihb3pt2wy6
2025/12/24 12:10:16.111058 [INFO] envBucket: elasticbeanstalk-ap-southeast-1-339712880903
2025/12/24 12:10:16.111061 [INFO] accountID: 339712880903
2025/12/24 12:10:16.111064 [INFO] Using manifest file name from command request
2025/12/24 12:10:16.111070 [INFO] Unable to get version manifest file.
2025/12/24 12:10:16.111072 [INFO] Downloading latest manifest available.
2025/12/24 12:10:16.111075 [INFO] Download latest app version manifest
2025/12/24 12:10:16.111250 [INFO] resources/environments/e-ihb3pt2wy6/_runtime/versions/manifest
2025/12/24 12:10:16.153016 [INFO] latestManifest key *: resources/environments/e-ihb3pt2wy6/_runtime/versions/manifest_1766578105719

2025/12/24 12:10:16.153225 [INFO] Downloading: bucket: elasticbeanstalk-ap-southeast-1-339712880903, object: resources/environments/e-ihb3pt2wy6/_runtime/versions/manifest_1766578105719, expected bucket owner: 339712880903
2025/12/24 12:10:16.188806 [INFO] Download successful151bytes downloaded
2025/12/24 12:10:16.188889 [INFO] Trying to read and parse version manifest...
2025/12/24 12:10:16.188953 [INFO] Downloading: bucket: elasticbeanstalk-ap-southeast-1-339712880903, object: resources/environments/e-ihb3pt2wy6/_runtime/_versions/stt-tool/app-dc83-251224_173816936460, expected bucket owner: 339712880903
2025/12/24 12:10:16.260151 [INFO] Download successful116502bytes downloaded
2025/12/24 12:10:16.260382 [INFO] Executing instruction: ElectLeader
2025/12/24 12:10:16.260387 [INFO] Running leader election for instance i-0c2b1d4bd2021ac66...
2025/12/24 12:10:16.260389 [INFO] Calling the cfn-elect-cmd-leader to elect the command leader.
2025/12/24 12:10:16.260398 [INFO] Running command: /opt/aws/bin/cfn-elect-cmd-leader --stack arn:aws:cloudformation:ap-southeast-1:339712880903:stack/awseb-e-ihb3pt2wy6-stack/4061da30-e0c1-11f0-8242-0a4b079746ab --command-name ElasticBeanstalkCommand-AWSEBAutoScalingGroup --invocation-id dad97126-4854-4a49-9175-f35c4f4a1747 --listener-id i-0c2b1d4bd2021ac66 --region ap-southeast-1
2025/12/24 12:10:16.574054 [INFO] Instance is Leader.
2025/12/24 12:10:16.576095 [INFO] Executing instruction: stopSqsd
2025/12/24 12:10:16.576170 [INFO] This is a web server environment instance, skip stop sqsd daemon ...
2025/12/24 12:10:16.576189 [INFO] Executing instruction: PreBuildEbExtension
2025/12/24 12:10:16.576265 [INFO] Starting executing the config set Infra-EmbeddedPreBuild.
2025/12/24 12:10:16.576363 [INFO] Running command: /opt/aws/bin/cfn-init -s arn:aws:cloudformation:ap-southeast-1:339712880903:stack/awseb-e-ihb3pt2wy6-stack/4061da30-e0c1-11f0-8242-0a4b079746ab -r AWSEBAutoScalingGroup --region ap-southeast-1 --configsets Infra-EmbeddedPreBuild
2025/12/24 12:10:16.968633 [INFO] Finished executing the config set Infra-EmbeddedPreBuild.

2025/12/24 12:10:16.968654 [INFO] Executing instruction: StagedockerApplication
2025/12/24 12:10:16.968663 [INFO] Running command: docker ps -a -q -f status=running
2025/12/24 12:10:16.984075 [INFO] Pruning containers ...
2025/12/24 12:10:16.984099 [INFO] Running command: docker ps -a
2025/12/24 12:10:16.998603 [INFO] CONTAINER ID   IMAGE     COMMAND   CREATED   STATUS    PORTS     NAMES

2025/12/24 12:10:16.998637 [INFO] Running command: docker container prune -f
2025/12/24 12:10:17.016274 [INFO] Total reclaimed space: 0B

2025/12/24 12:10:17.016315 [INFO] Running command: docker ps -a
2025/12/24 12:10:17.033060 [INFO] CONTAINER ID   IMAGE     COMMAND   CREATED   STATUS    PORTS     NAMES

2025/12/24 12:10:17.033097 [INFO] Recreating /var/app/staging/
2025/12/24 12:10:17.033166 [INFO] Recreating /var/log/eb-docker/containers/eb-current-app
2025/12/24 12:10:17.033249 [INFO] Running command: /bin/file -m /opt/elasticbeanstalk/config/private/beanstalk-magic -b --mime-type /opt/elasticbeanstalk/deployment/app_source_bundle
2025/12/24 12:10:17.037714 [INFO] application/zip

2025/12/24 12:10:17.037732 [INFO] app source bundle is zip file ...
2025/12/24 12:10:17.037737 [INFO] extracting /opt/elasticbeanstalk/deployment/app_source_bundle to /var/app/staging/
2025/12/24 12:10:17.037746 [INFO] Running command: /usr/bin/unzip -q -o /opt/elasticbeanstalk/deployment/app_source_bundle -d /var/app/staging/
2025/12/24 12:10:17.047377 [INFO] finished extracting /opt/elasticbeanstalk/deployment/app_source_bundle to /var/app/staging/ successfully
2025/12/24 12:10:17.047393 [INFO] Executing instruction: RunAppDeployPreBuildHooks
2025/12/24 12:10:17.047444 [INFO] Executing platform hooks in .platform/hooks/prebuild/
2025/12/24 12:10:17.047460 [INFO] The dir .platform/hooks/prebuild/ does not exist
2025/12/24 12:10:17.047462 [INFO] Finished running scripts in /var/app/staging/.platform/hooks/prebuild
2025/12/24 12:10:17.047478 [INFO] Executing instruction: Generate environment file
2025/12/24 12:10:17.047511 [INFO] Executing instruction: Docker Specific Build Application
2025/12/24 12:10:17.047514 [INFO] start build docker app
2025/12/24 12:10:17.047523 [INFO] fetching image names from Dockerfile /var/app/staging/Dockerfile
2025/12/24 12:10:17.047603 [INFO] found images [node:${NODE_VERSION}-slim] in Dockerfile /var/app/staging/Dockerfile
2025/12/24 12:10:17.047607 [INFO] pull docker image if update is not false in Dockerrun.aws.json
2025/12/24 12:10:17.047618 [INFO] Running command: docker pull node:${NODE_VERSION}-slim
2025/12/24 12:10:17.060266 [INFO] invalid reference format

2025/12/24 12:10:17.060291 [WARN] failed to execute command: docker pull node:${NODE_VERSION}-slim, retrying...
2025/12/24 12:10:17.060301 [INFO] Running command: docker pull node:${NODE_VERSION}-slim
2025/12/24 12:10:17.072556 [INFO] invalid reference format

2025/12/24 12:10:17.072583 [ERROR] An error occurred during execution of command [app-deploy] - [Docker Specific Build Application]. Stop running the command. Error: failed to pull docker image: Command docker pull node:${NODE_VERSION}-slim failed with error exit status 1. Stderr:invalid reference format
 

2025/12/24 12:10:17.072586 [INFO] Executing cleanup logic
2025/12/24 12:10:17.072670 [INFO] CommandService Response: {"status":"FAILURE","api_version":"1.0","results":[{"status":"FAILURE","msg":"Engine execution has encountered an error.","returncode":1,"events":[{"msg":"Instance deployment failed to download the Docker image. The deployment failed.","timestamp":1766578217072,"severity":"ERROR"},{"msg":"Instance deployment failed. For details, see 'eb-engine.log'.","timestamp":1766578217072,"severity":"ERROR"}]}]}

2025/12/24 12:10:17.073133 [INFO] Platform Engine finished execution on command: app-deploy

2025/12/24 12:11:29.695367 [INFO] Starting...
2025/12/24 12:11:29.695414 [INFO] Starting EBPlatform-PlatformEngine
2025/12/24 12:11:29.695443 [INFO] reading event message file
2025/12/24 12:11:29.695789 [INFO] Engine received EB command cfn-hup-exec

2025/12/24 12:11:29.760807 [INFO] Running command: /opt/aws/bin/cfn-get-metadata -s arn:aws:cloudformation:ap-southeast-1:339712880903:stack/awseb-e-ihb3pt2wy6-stack/4061da30-e0c1-11f0-8242-0a4b079746ab -r AWSEBAutoScalingGroup --region ap-southeast-1
2025/12/24 12:11:30.067733 [INFO] Running command: /opt/aws/bin/cfn-get-metadata -s arn:aws:cloudformation:ap-southeast-1:339712880903:stack/awseb-e-ihb3pt2wy6-stack/4061da30-e0c1-11f0-8242-0a4b079746ab -r AWSEBBeanstalkMetadata --region ap-southeast-1
2025/12/24 12:11:30.388030 [INFO] checking whether command bundle-log is applicable to this instance...
2025/12/24 12:11:30.388043 [INFO] this command is applicable to the instance, thus instance should execute command
2025/12/24 12:11:30.388046 [INFO] Engine command: (bundle-log)

2025/12/24 12:11:30.388098 [INFO] Executing instruction: GetBundleLogs
2025/12/24 12:11:30.388101 [INFO] Bundle Logs...
